# JRE version: OpenJDK Runtime Environment Temurin-21.0.8+9 (21.0.8+9) (build 21.0.8+9-LTS)
# Java VM: OpenJDK 64-Bit Server VM Temurin-21.0.8+9 (21.0.8+9-LTS, mixed mode, sharing, tiered, compressed oops, compressed class ptrs, parallel gc, windows-amd64)
GC Precious Log:
 CardTable entry size: 512
 CPUs: 20 total, 20 available
 Memory: 16010M
 Large Page Support: Disabled
 NUMA Support: Disabled
 Compressed Oops: Enabled (32-bit)
 Alignments: Space 512K, Generation 512K, Heap 2M
 Heap Min Capacity: 100M
 Heap Initial Capacity: 100M
 Heap Max Capacity: 2G
 Pre-touch: Disabled
 Parallel Workers: 15
Heap:
 PSYoungGen      total 13824K, used 3423K [0x00000000d5580000, 0x00000000d6580000, 0x0000000100000000)
  eden space 12800K, 21% used [0x00000000d5580000,0x00000000d58315a0,0x00000000d6200000)
  from space 1024K, 65% used [0x00000000d6300000,0x00000000d63a6900,0x00000000d6400000)
  to   space 1536K, 0% used [0x00000000d6400000,0x00000000d6400000,0x00000000d6580000)
 ParOldGen       total 556032K, used 555629K [0x0000000080000000, 0x00000000a1f00000, 0x00000000d5580000)
  object space 556032K, 99% used [0x0000000080000000,0x00000000a1e9b5b0,0x00000000a1f00000)
 Metaspace       used 72997K, committed 74624K, reserved 1179648K
  class space    used 7733K, committed 8448K, reserved 1048576K
GC Heap History (20 events):
Event: 28.479 GC heap before
{Heap before GC invocations=539 (full 3):
 PSYoungGen      total 15360K, used 14901K [0x00000000d5580000, 0x00000000d6780000, 0x0000000100000000)
  eden space 13312K, 100% used [0x00000000d5580000,0x00000000d6280000,0x00000000d6280000)
  from space 2048K, 77% used [0x00000000d6400000,0x00000000d658d4a8,0x00000000d6600000)
  to   space 1536K, 0% used [0x00000000d6600000,0x00000000d6600000,0x00000000d6780000)
 ParOldGen       total 546304K, used 545863K [0x0000000080000000, 0x00000000a1580000, 0x00000000d5580000)
  object space 546304K, 99% used [0x0000000080000000,0x00000000a1511e10,0x00000000a1580000)
 Metaspace       used 69291K, committed 70848K, reserved 1114112K
  class space    used 7404K, committed 8128K, reserved 1048576K
}
Event: 28.481 GC heap after
{Heap after GC invocations=539 (full 3):
 PSYoungGen      total 14848K, used 1120K [0x00000000d5580000, 0x00000000d6780000, 0x0000000100000000)
  eden space 13312K, 0% used [0x00000000d5580000,0x00000000d5580000,0x00000000d6280000)
  from space 1536K, 72% used [0x00000000d6600000,0x00000000d6718000,0x00000000d6780000)
  to   space 1536K, 0% used [0x00000000d6480000,0x00000000d6480000,0x00000000d6600000)
 ParOldGen       total 547328K, used 547168K [0x0000000080000000, 0x00000000a1680000, 0x00000000d5580000)
  object space 547328K, 99% used [0x0000000080000000,0x00000000a16583b0,0x00000000a1680000)
 Metaspace       used 69291K, committed 70848K, reserved 1114112K
  class space    used 7404K, committed 8128K, reserved 1048576K
}
Event: 28.512 GC heap before
{Heap before GC invocations=540 (full 3):
 PSYoungGen      total 14848K, used 14432K [0x00000000d5580000, 0x00000000d6780000, 0x0000000100000000)
  eden space 13312K, 100% used [0x00000000d5580000,0x00000000d6280000,0x00000000d6280000)
  from space 1536K, 72% used [0x00000000d6600000,0x00000000d6718000,0x00000000d6780000)
  to   space 1536K, 0% used [0x00000000d6480000,0x00000000d6480000,0x00000000d6600000)
 ParOldGen       total 547328K, used 547168K [0x0000000080000000, 0x00000000a1680000, 0x00000000d5580000)
  object space 547328K, 99% used [0x0000000080000000,0x00000000a16583b0,0x00000000a1680000)
 Metaspace       used 69309K, committed 70912K, reserved 1114112K
  class space    used 7404K, committed 8128K, reserved 1048576K
}
Event: 28.513 GC heap after
{Heap after GC invocations=540 (full 3):
 PSYoungGen      total 14848K, used 1280K [0x00000000d5580000, 0x00000000d6680000, 0x0000000100000000)
  eden space 13312K, 0% used [0x00000000d5580000,0x00000000d5580000,0x00000000d6280000)
  from space 1536K, 83% used [0x00000000d6480000,0x00000000d65c0000,0x00000000d6600000)
  to   space 512K, 0% used [0x00000000d6600000,0x00000000d6600000,0x00000000d6680000)
 ParOldGen       total 547840K, used 547824K [0x0000000080000000, 0x00000000a1700000, 0x00000000d5580000)
  object space 547840K, 99% used [0x0000000080000000,0x00000000a16fc3b0,0x00000000a1700000)
 Metaspace       used 69309K, committed 70912K, reserved 1114112K
  class space    used 7404K, committed 8128K, reserved 1048576K
}
Event: 28.674 GC heap before
{Heap before GC invocations=541 (full 3):
 PSYoungGen      total 14848K, used 14592K [0x00000000d5580000, 0x00000000d6680000, 0x0000000100000000)
  eden space 13312K, 100% used [0x00000000d5580000,0x00000000d6280000,0x00000000d6280000)
  from space 1536K, 83% used [0x00000000d6480000,0x00000000d65c0000,0x00000000d6600000)
  to   space 512K, 0% used [0x00000000d6600000,0x00000000d6600000,0x00000000d6680000)
 ParOldGen       total 547840K, used 547824K [0x0000000080000000, 0x00000000a1700000, 0x00000000d5580000)
  object space 547840K, 99% used [0x0000000080000000,0x00000000a16fc3b0,0x00000000a1700000)
 Metaspace       used 69424K, committed 71040K, reserved 1114112K
  class space    used 7418K, committed 8128K, reserved 1048576K
}
Event: 28.676 GC heap after
{Heap after GC invocations=541 (full 3):
 PSYoungGen      total 13824K, used 512K [0x00000000d5580000, 0x00000000d6680000, 0x0000000100000000)
  eden space 13312K, 0% used [0x00000000d5580000,0x00000000d5580000,0x00000000d6280000)
  from space 512K, 100% used [0x00000000d6600000,0x00000000d6680000,0x00000000d6680000)
  to   space 2048K, 0% used [0x00000000d6280000,0x00000000d6280000,0x00000000d6480000)
 ParOldGen       total 549376K, used 548880K [0x0000000080000000, 0x00000000a1880000, 0x00000000d5580000)
  object space 549376K, 99% used [0x0000000080000000,0x00000000a1804180,0x00000000a1880000)
 Metaspace       used 69424K, committed 71040K, reserved 1114112K
  class space    used 7418K, committed 8128K, reserved 1048576K
}
Event: 28.847 GC heap before
{Heap before GC invocations=542 (full 3):
 PSYoungGen      total 13824K, used 13819K [0x00000000d5580000, 0x00000000d6680000, 0x0000000100000000)
  eden space 13312K, 99% used [0x00000000d5580000,0x00000000d627ed28,0x00000000d6280000)
  from space 512K, 100% used [0x00000000d6600000,0x00000000d6680000,0x00000000d6680000)
  to   space 2048K, 0% used [0x00000000d6280000,0x00000000d6280000,0x00000000d6480000)
 ParOldGen       total 549376K, used 548880K [0x0000000080000000, 0x00000000a1880000, 0x00000000d5580000)
  object space 549376K, 99% used [0x0000000080000000,0x00000000a1804180,0x00000000a1880000)
 Metaspace       used 69751K, committed 71360K, reserved 1114112K
  class space    used 7443K, committed 8192K, reserved 1048576K
}
Event: 28.848 GC heap after
{Heap after GC invocations=542 (full 3):
 PSYoungGen      total 15360K, used 768K [0x00000000d5580000, 0x00000000d6680000, 0x0000000100000000)
  eden space 13312K, 0% used [0x00000000d5580000,0x00000000d5580000,0x00000000d6280000)
  from space 2048K, 37% used [0x00000000d6280000,0x00000000d6340040,0x00000000d6480000)
  to   space 1536K, 0% used [0x00000000d6500000,0x00000000d6500000,0x00000000d6680000)
 ParOldGen       total 549376K, used 549368K [0x0000000080000000, 0x00000000a1880000, 0x00000000d5580000)
  object space 549376K, 99% used [0x0000000080000000,0x00000000a187e180,0x00000000a1880000)
 Metaspace       used 69751K, committed 71360K, reserved 1114112K
  class space    used 7443K, committed 8192K, reserved 1048576K
}
Event: 29.162 GC heap before
{Heap before GC invocations=543 (full 3):
 PSYoungGen      total 15360K, used 14080K [0x00000000d5580000, 0x00000000d6680000, 0x0000000100000000)
  eden space 13312K, 100% used [0x00000000d5580000,0x00000000d6280000,0x00000000d6280000)
  from space 2048K, 37% used [0x00000000d6280000,0x00000000d6340040,0x00000000d6480000)
  to   space 1536K, 0% used [0x00000000d6500000,0x00000000d6500000,0x00000000d6680000)
 ParOldGen       total 549376K, used 549368K [0x0000000080000000, 0x00000000a1880000, 0x00000000d5580000)
  object space 549376K, 99% used [0x0000000080000000,0x00000000a187e180,0x00000000a1880000)
 Metaspace       used 70206K, committed 71872K, reserved 1114112K
  class space    used 7503K, committed 8256K, reserved 1048576K
}
Event: 29.163 GC heap after
{Heap after GC invocations=543 (full 3):
 PSYoungGen      total 14336K, used 704K [0x00000000d5580000, 0x00000000d6600000, 0x0000000100000000)
  eden space 13312K, 0% used [0x00000000d5580000,0x00000000d5580000,0x00000000d6280000)
  from space 1024K, 68% used [0x00000000d6500000,0x00000000d65b0000,0x00000000d6600000)
  to   space 1024K, 0% used [0x00000000d6400000,0x00000000d6400000,0x00000000d6500000)
 ParOldGen       total 549888K, used 549784K [0x0000000080000000, 0x00000000a1900000, 0x00000000d5580000)
  object space 549888K, 99% used [0x0000000080000000,0x00000000a18e61c0,0x00000000a1900000)
 Metaspace       used 70206K, committed 71872K, reserved 1114112K
  class space    used 7503K, committed 8256K, reserved 1048576K
}
Event: 29.291 GC heap before
{Heap before GC invocations=544 (full 3):
 PSYoungGen      total 14336K, used 14016K [0x00000000d5580000, 0x00000000d6600000, 0x0000000100000000)
  eden space 13312K, 100% used [0x00000000d5580000,0x00000000d6280000,0x00000000d6280000)
  from space 1024K, 68% used [0x00000000d6500000,0x00000000d65b0000,0x00000000d6600000)
  to   space 1024K, 0% used [0x00000000d6400000,0x00000000d6400000,0x00000000d6500000)
 ParOldGen       total 549888K, used 549784K [0x0000000080000000, 0x00000000a1900000, 0x00000000d5580000)
  object space 549888K, 99% used [0x0000000080000000,0x00000000a18e61c0,0x00000000a1900000)
 Metaspace       used 70502K, committed 72192K, reserved 1114112K
  class space    used 7530K, committed 8256K, reserved 1048576K
}
Event: 29.292 GC heap after
{Heap after GC invocations=544 (full 3):
 PSYoungGen      total 14336K, used 544K [0x00000000d5580000, 0x00000000d6580000, 0x0000000100000000)
  eden space 13312K, 0% used [0x00000000d5580000,0x00000000d5580000,0x00000000d6280000)
  from space 1024K, 53% used [0x00000000d6400000,0x00000000d6488000,0x00000000d6500000)
  to   space 512K, 0% used [0x00000000d6500000,0x00000000d6500000,0x00000000d6580000)
 ParOldGen       total 550400K, used 550270K [0x0000000080000000, 0x00000000a1980000, 0x00000000d5580000)
  object space 550400K, 99% used [0x0000000080000000,0x00000000a195f8e8,0x00000000a1980000)
 Metaspace       used 70502K, committed 72192K, reserved 1114112K
  class space    used 7530K, committed 8256K, reserved 1048576K
}
Event: 29.417 GC heap before
{Heap before GC invocations=545 (full 3):
 PSYoungGen      total 14336K, used 13817K [0x00000000d5580000, 0x00000000d6580000, 0x0000000100000000)
  eden space 13312K, 99% used [0x00000000d5580000,0x00000000d6276470,0x00000000d6280000)
  from space 1024K, 53% used [0x00000000d6400000,0x00000000d6488000,0x00000000d6500000)
  to   space 512K, 0% used [0x00000000d6500000,0x00000000d6500000,0x00000000d6580000)
 ParOldGen       total 550400K, used 550270K [0x0000000080000000, 0x00000000a1980000, 0x00000000d5580000)
  object space 550400K, 99% used [0x0000000080000000,0x00000000a195f8e8,0x00000000a1980000)
 Metaspace       used 71201K, committed 72896K, reserved 1114112K
  class space    used 7602K, committed 8320K, reserved 1048576K
}
Event: 29.420 GC heap after
{Heap after GC invocations=545 (full 3):
 PSYoungGen      total 13312K, used 500K [0x00000000d5580000, 0x00000000d6880000, 0x0000000100000000)
  eden space 12800K, 0% used [0x00000000d5580000,0x00000000d5580000,0x00000000d6200000)
  from space 512K, 97% used [0x00000000d6500000,0x00000000d657d1e0,0x00000000d6580000)
  to   space 3072K, 0% used [0x00000000d6200000,0x00000000d6200000,0x00000000d6500000)
 ParOldGen       total 552448K, used 552134K [0x0000000080000000, 0x00000000a1b80000, 0x00000000d5580000)
  object space 552448K, 99% used [0x0000000080000000,0x00000000a1b31930,0x00000000a1b80000)
 Metaspace       used 71201K, committed 72896K, reserved 1114112K
  class space    used 7602K, committed 8320K, reserved 1048576K
}
Event: 29.558 GC heap before
{Heap before GC invocations=546 (full 3):
 PSYoungGen      total 13312K, used 13300K [0x00000000d5580000, 0x00000000d6880000, 0x0000000100000000)
  eden space 12800K, 100% used [0x00000000d5580000,0x00000000d6200000,0x00000000d6200000)
  from space 512K, 97% used [0x00000000d6500000,0x00000000d657d1e0,0x00000000d6580000)
  to   space 3072K, 0% used [0x00000000d6200000,0x00000000d6200000,0x00000000d6500000)
 ParOldGen       total 552448K, used 552134K [0x0000000080000000, 0x00000000a1b80000, 0x00000000d5580000)
  object space 552448K, 99% used [0x0000000080000000,0x00000000a1b31930,0x00000000a1b80000)
 Metaspace       used 71880K, committed 73536K, reserved 1114112K
  class space    used 7671K, committed 8384K, reserved 1048576K
}
Event: 29.559 GC heap after
{Heap after GC invocations=546 (full 3):
 PSYoungGen      total 15872K, used 2559K [0x00000000d5580000, 0x00000000d6800000, 0x0000000100000000)
  eden space 12800K, 0% used [0x00000000d5580000,0x00000000d5580000,0x00000000d6200000)
  from space 3072K, 83% used [0x00000000d6200000,0x00000000d647fd68,0x00000000d6500000)
  to   space 3072K, 0% used [0x00000000d6500000,0x00000000d6500000,0x00000000d6800000)
 ParOldGen       total 552960K, used 552645K [0x0000000080000000, 0x00000000a1c00000, 0x00000000d5580000)
  object space 552960K, 99% used [0x0000000080000000,0x00000000a1bb1588,0x00000000a1c00000)
 Metaspace       used 71880K, committed 73536K, reserved 1114112K
  class space    used 7671K, committed 8384K, reserved 1048576K
}
Event: 76.762 GC heap before
{Heap before GC invocations=547 (full 3):
 PSYoungGen      total 15872K, used 15359K [0x00000000d5580000, 0x00000000d6800000, 0x0000000100000000)
  eden space 12800K, 99% used [0x00000000d5580000,0x00000000d61ffff0,0x00000000d6200000)
  from space 3072K, 83% used [0x00000000d6200000,0x00000000d647fd68,0x00000000d6500000)
  to   space 3072K, 0% used [0x00000000d6500000,0x00000000d6500000,0x00000000d6800000)
 ParOldGen       total 552960K, used 552645K [0x0000000080000000, 0x00000000a1c00000, 0x00000000d5580000)
  object space 552960K, 99% used [0x0000000080000000,0x00000000a1bb1588,0x00000000a1c00000)
 Metaspace       used 72438K, committed 74112K, reserved 1179648K
  class space    used 7703K, committed 8448K, reserved 1048576K
}
Event: 76.764 GC heap after
{Heap after GC invocations=547 (full 3):
 PSYoungGen      total 14848K, used 1630K [0x00000000d5580000, 0x00000000d6700000, 0x0000000100000000)
  eden space 12800K, 0% used [0x00000000d5580000,0x00000000d5580000,0x00000000d6200000)
  from space 2048K, 79% used [0x00000000d6500000,0x00000000d6697830,0x00000000d6700000)
  to   space 2048K, 0% used [0x00000000d6300000,0x00000000d6300000,0x00000000d6500000)
 ParOldGen       total 555008K, used 554601K [0x0000000080000000, 0x00000000a1e00000, 0x00000000d5580000)
  object space 555008K, 99% used [0x0000000080000000,0x00000000a1d9a668,0x00000000a1e00000)
 Metaspace       used 72438K, committed 74112K, reserved 1179648K
  class space    used 7703K, committed 8448K, reserved 1048576K
}
Event: 327.719 GC heap before
{Heap before GC invocations=548 (full 3):
 PSYoungGen      total 14848K, used 14430K [0x00000000d5580000, 0x00000000d6700000, 0x0000000100000000)
  eden space 12800K, 100% used [0x00000000d5580000,0x00000000d6200000,0x00000000d6200000)
  from space 2048K, 79% used [0x00000000d6500000,0x00000000d6697830,0x00000000d6700000)
  to   space 2048K, 0% used [0x00000000d6300000,0x00000000d6300000,0x00000000d6500000)
 ParOldGen       total 555008K, used 554601K [0x0000000080000000, 0x00000000a1e00000, 0x00000000d5580000)
  object space 555008K, 99% used [0x0000000080000000,0x00000000a1d9a668,0x00000000a1e00000)
 Metaspace       used 72776K, committed 74368K, reserved 1179648K
  class space    used 7733K, committed 8448K, reserved 1048576K
}
Event: 327.735 GC heap after
{Heap after GC invocations=548 (full 3):
 PSYoungGen      total 13824K, used 666K [0x00000000d5580000, 0x00000000d6580000, 0x0000000100000000)
  eden space 12800K, 0% used [0x00000000d5580000,0x00000000d5580000,0x00000000d6200000)
  from space 1024K, 65% used [0x00000000d6300000,0x00000000d63a6900,0x00000000d6400000)
  to   space 1536K, 0% used [0x00000000d6400000,0x00000000d6400000,0x00000000d6580000)
 ParOldGen       total 556032K, used 555629K [0x0000000080000000, 0x00000000a1f00000, 0x00000000d5580000)
  object space 556032K, 99% used [0x0000000080000000,0x00000000a1e9b5b0,0x00000000a1f00000)
 Metaspace       used 72776K, committed 74368K, reserved 1179648K
  class space    used 7733K, committed 8448K, reserved 1048576K
}

